#
# There is insufficient memory for the Java Runtime Environment to continue.
# Native memory allocation (malloc) failed to allocate 1048576 bytes for AllocateHeap
# Possible reasons:
#   The system is out of physical RAM or swap space
#   In 32 bit mode, the process size limit was hit
# Possible solutions:
#   Reduce memory load on the system
#   Increase physical memory or swap space
#   Check if swap backing store is full
#   Use 64 bit Java on a 64 bit OS
#   Decrease Java heap size (-Xmx/-Xms)
#   Decrease number of Java threads
#   Decrease Java thread stack sizes (-Xss)
#   Set larger code cache with -XX:ReservedCodeCacheSize=
# This output file may be truncated or incomplete.
#
#  Out of Memory Error (memory/allocation.inline.hpp:61), pid=9572, tid=892
#
# JRE version:  (8.0_51-b16) (build )
# Java VM: Java HotSpot(TM) 64-Bit Server VM (25.51-b03 mixed mode windows-amd64 compressed oops)
# Failed to write core dump. Minidumps are not enabled by default on client versions of Windows
#

---------------  T H R E A D  ---------------

Current thread (0x0000000002c10800):  JavaThread "Unknown thread" [_thread_in_vm, id=892, stack(0x0000000002a50000,0x0000000002b50000)]

Stack: [0x0000000002a50000,0x0000000002b50000]
Native frames: (J=compiled Java code, j=interpreted, Vv=VM code, C=native code)
V  [jvm.dll+0x32b4ca]
V  [jvm.dll+0x2797e3]
V  [jvm.dll+0x27a479]
V  [jvm.dll+0x271765]
V  [jvm.dll+0x1606]
V  [jvm.dll+0x2707d2]
V  [jvm.dll+0x3eec6a]
V  [jvm.dll+0x3ea537]
V  [jvm.dll+0xf2c22]
V  [jvm.dll+0x20f0a9]
V  [jvm.dll+0x240d2a]
V  [jvm.dll+0x15b9a1]
C  [java.exe+0x216e]
C  [java.exe+0xcd07]
C  [java.exe+0xcd9b]
C  [KERNEL32.DLL+0x1611]
C  [ntdll.dll+0x764ad]


---------------  P R O C E S S  ---------------

Java Threads: ( => current thread )

Other Threads:

=>0x0000000002c10800 (exited) JavaThread "Unknown thread" [_thread_in_vm, id=892, stack(0x0000000002a50000,0x0000000002b50000)]

VM state:not at safepoint (normal execution)

VM Mutex/Monitor currently owned by a thread: None

Heap:
 PSYoungGen      total 38400K, used 665K [0x00000000eab00000, 0x00000000ed580000, 0x0000000100000000)
  eden space 33280K, 2% used [0x00000000eab00000,0x00000000eaba6670,0x00000000ecb80000)
  from space 5120K, 0% used [0x00000000ed080000,0x00000000ed080000,0x00000000ed580000)
  to   space 5120K, 0% used [0x00000000ecb80000,0x00000000ecb80000,0x00000000ed080000)
 ParOldGen       total 87552K, used 0K [0x00000000c0000000, 0x00000000c5580000, 0x00000000eab00000)
  object space 87552K, 0% used [0x00000000c0000000,0x00000000c0000000,0x00000000c5580000)
 Metaspace       used 766K, capacity 4480K, committed 4480K, reserved 1056768K
  class space    used 75K, capacity 384K, committed 384K, reserved 1048576K

Card table byte_map: [0x00000000120d0000,0x00000000122e0000] byte_map_base: 0x0000000011ad0000

Marking Bits: (ParMarkBitMap*) 0x0000000058584040
 Begin Bits: [0x0000000012840000, 0x0000000013840000)
 End Bits:   [0x0000000013840000, 0x0000000014840000)

Polling page: 0x00000000010d0000

CodeCache: size=245760Kb used=328Kb max_used=328Kb free=245431Kb
 bounds [0x0000000002d10000, 0x0000000002f80000, 0x0000000011d10000]
 total_blobs=57 nmethods=0 adapters=37
 compilation: enabled

Compilation events (0 events):
No events

GC Heap History (0 events):
No events

Deoptimization events (0 events):
No events

Internal exceptions (0 events):
No events

Events (10 events):
Event: 0.016 loading class java/lang/Short
Event: 0.016 loading class java/lang/Short done
Event: 0.016 loading class java/lang/Integer
Event: 0.016 loading class java/lang/Integer done
Event: 0.016 loading class java/lang/Long
Event: 0.016 loading class java/lang/Long done
Event: 0.017 loading class java/lang/NullPointerException
Event: 0.017 loading class java/lang/NullPointerException done
Event: 0.017 loading class java/lang/ArithmeticException
Event: 0.017 loading class java/lang/ArithmeticException done


Dynamic libraries:
0x00007ff75e540000 - 0x00007ff75e577000 	C:\Program Files\Java\jdk1.8.0_51\bin\java.exe
0x00007ffc64780000 - 0x00007ffc64929000 	C:\Windows\SYSTEM32\ntdll.dll
0x00007ffc62270000 - 0x00007ffc623aa000 	C:\Windows\system32\KERNEL32.DLL
0x00007ffc61bd0000 - 0x00007ffc61cdf000 	C:\Windows\system32\KERNELBASE.dll
0x00007ffc62760000 - 0x00007ffc62805000 	C:\Windows\system32\ADVAPI32.dll
0x00007ffc64600000 - 0x00007ffc64771000 	C:\Windows\system32\USER32.dll
0x00007ffc5f8b0000 - 0x00007ffc5fb0a000 	C:\Windows\WinSxS\amd64_microsoft.windows.common-controls_6595b64144ccf1df_6.0.9600.16384_none_62475f7becb72503\COMCTL32.dll
0x00007ffc62810000 - 0x00007ffc628b7000 	C:\Windows\system32\msvcrt.dll
0x00007ffc62510000 - 0x00007ffc62567000 	C:\Windows\SYSTEM32\sechost.dll
0x00007ffc64360000 - 0x00007ffc64496000 	C:\Windows\system32\RPCRT4.dll
0x00007ffc623c0000 - 0x00007ffc62505000 	C:\Windows\system32\GDI32.dll
0x00007ffc63fa0000 - 0x00007ffc63fd4000 	C:\Windows\system32\IMM32.DLL
0x00007ffc64220000 - 0x00007ffc64359000 	C:\Windows\system32\MSCTF.dll
0x0000000057900000 - 0x00000000579d2000 	C:\Program Files\Java\jdk1.8.0_51\jre\bin\msvcr100.dll
0x0000000057d80000 - 0x0000000058603000 	C:\Program Files\Java\jdk1.8.0_51\jre\bin\server\jvm.dll
0x00007ffc5aac0000 - 0x00007ffc5aac9000 	C:\Windows\SYSTEM32\WSOCK32.dll
0x00007ffc5f4a0000 - 0x00007ffc5f4bf000 	C:\Windows\SYSTEM32\WINMM.dll
0x00007ffc5f680000 - 0x00007ffc5f68a000 	C:\Windows\SYSTEM32\VERSION.dll
0x00007ffc62ad0000 - 0x00007ffc62ad7000 	C:\Windows\system32\PSAPI.DLL
0x00007ffc644a0000 - 0x00007ffc644f8000 	C:\Windows\system32\WS2_32.dll
0x00007ffc5f420000 - 0x00007ffc5f44a000 	C:\Windows\SYSTEM32\WINMMBASE.dll
0x00007ffc623b0000 - 0x00007ffc623b9000 	C:\Windows\system32\NSI.dll
0x00007ffc61fc0000 - 0x00007ffc6200a000 	C:\Windows\SYSTEM32\cfgmgr32.dll
0x00007ffc60990000 - 0x00007ffc609b6000 	C:\Windows\SYSTEM32\DEVOBJ.dll
0x0000000057d70000 - 0x0000000057d7f000 	C:\Program Files\Java\jdk1.8.0_51\jre\bin\verify.dll
0x0000000057d40000 - 0x0000000057d69000 	C:\Program Files\Java\jdk1.8.0_51\jre\bin\java.dll
0x0000000057d20000 - 0x0000000057d36000 	C:\Program Files\Java\jdk1.8.0_51\jre\bin\zip.dll
0x00007ffc52460000 - 0x00007ffc525e8000 	C:\Windows\SYSTEM32\dbghelp.dll

VM Arguments:
jvm_args: -Xmx1024M -Dfile.encoding=windows-1252 -Duser.country=US -Duser.language=en -Duser.variant 
java_command: com.android.dx.command.Main --dex --num-threads=4 --output C:\Users\Simin\Documents\GitHub\stronk\app\build\intermediates\dex\debug C:\Users\Simin\Documents\GitHub\stronk\app\build\intermediates\classes\debug C:\Users\Simin\Documents\GitHub\stronk\app\build\intermediates\pre-dexed\debug\support-annotations-23.0.1-3546e5074eefc4e4c127e141f6ccca32842b2780.jar C:\Users\Simin\Documents\GitHub\stronk\app\build\intermediates\pre-dexed\debug\classes-aa92677ef6eb8575c59bb01b0491ce4ae04d5c43.jar C:\Users\Simin\Documents\GitHub\stronk\app\build\intermediates\pre-dexed\debug\internal_impl-23.0.1-e15718b3f5e0bd7c6d812ea8ee2f7614eb13d62b.jar C:\Users\Simin\Documents\GitHub\stronk\app\build\intermediates\pre-dexed\debug\classes-ff9cd6d6aae0f9a0fa97715ef090445658555084.jar C:\Users\Simin\Documents\GitHub\stronk\app\build\intermediates\pre-dexed\debug\classes-361ff0e2591f7202852c8adbfe29d2fb534da460.jar
java_class_path (initial): C:\Users\Simin\AppData\Local\Android\sdk\build-tools\23.0.1\lib\dx.jar
Launcher Type: SUN_STANDARD

Environment Variables:
PATH=C:\Program Files (x86)\NVIDIA Corporation\PhysX\Common;C:\ProgramData\Oracle\Java\javapath;C:\Windows\system32;C:\Windows;C:\Windows\System32\Wbem;C:\Windows\System32\WindowsPowerShell\v1.0\;C:\Program Files (x86)\AMD\ATI.ACE\Core-Static;C:\Program Files (x86)\Brackets\command;C:\Program Files (x86)\Windows Kits\8.1\Windows Performance Toolkit\;C:\Program Files\Microsoft SQL Server\110\Tools\Binn\;C:\Program Files (x86)\Skype\Phone\;C:\Program Files (x86)\HMA! Pro VPN\bin
USERNAME=Simin
OS=Windows_NT
PROCESSOR_IDENTIFIER=Intel64 Family 6 Model 60 Stepping 3, GenuineIntel



---------------  S Y S T E M  ---------------

OS: Windows 8.1 , 64 bit Build 9600 (6.3.9600.16384)

CPU:total 4 (4 cores per cpu, 1 threads per core) family 6 model 60 stepping 3, cmov, cx8, fxsr, mmx, sse, sse2, sse3, ssse3, sse4.1, sse4.2, popcnt, avx, avx2, aes, clmul, erms, rtm, lzcnt, tsc, tscinvbit, bmi1, bmi2

Memory: 4k page, physical 8338436k(1610244k free), swap 10173316k(6000k free)

vm_info: Java HotSpot(TM) 64-Bit Server VM (25.51-b03) for windows-amd64 JRE (1.8.0_51-b16), built on Jun  8 2015 18:03:07 by "java_re" with MS VC++ 10.0 (VS2010)

time: Sun Sep 27 14:55:53 2015
elapsed time: 0 seconds (0d 0h 0m 0s)

